Solid Edge Translation to STL
Date: Saturday,May 16,2020 07:52am
Source File:D:\Coding\smart-table\hardware_sketches\.par\Table_Mk2.par
Source System: SOLID EDGE

Hardware:
Processor: AMD Ryzen 5 2600X Six-Core Processor           
Operating System: Windows 10
Installed Memory: 15.93 GB

Software Information:
Parasolid Version: 31.1.255
PSBodyshop Version: 31.1.110
Solid Edge Version: 220.00.00.104 x64

STL Export Options:
Output File Format:ASCII
Export Displayed Parts:Off
structureOption: Monolithic
Export Units:Millimeter
Export Tolerance Value:0.001000
Export Tolerance Type:Fine
Export Surface Plane Angle Value:0.523599

Translation progress:
Phase 1 of 2 Fetching Parasolid information...
Phase 2 of 2 Translating Parasolid to foreign data types...
Number of STL file Created : 1
Translation process completed
Time required to translate:00 : 00 : 00
