STL translation to Solid Edge
Date: Saturday,May 16,2020 08:06am
Source File:D:\Coding\smart-table\hardware_sketches\.stl\Table_Mk2.stl
Author: Unknown
Organization: Unknown
Source System: DEX

Hardware:
Processor: AMD Ryzen 5 2600X Six-Core Processor           
Operating System: Windows 10
Installed Memory: 15.93 GB

Software Information:
Parasolid Version: 31.1.255
PSBodyshop Version: 31.1.110
Solid Edge Version: 220.00.00.104 x64

STL Import Options
Heal Mesh Faults:Off
Make Base Feature:On
Enable Logging:On

Translation progress:
Translation process completed
Time required to translate:00 : 00 : 00
